<?xml version="1.0" encoding="UTF-8"?>
<!-- Generated by org.testng.reporters.JUnitReportReporter -->
<testsuite hostname="DESKTOP-P9I11B1" failures="0" tests="1" name="testCases.PostEmployee" time="0.013" errors="0" timestamp="21 Mar 2021 07:01:32 GMT">
  <testcase classname="testCases.PostEmployee" name="checkResponse" time="0.013"/>
</testsuite> <!-- testCases.PostEmployee -->
