<?xml version="1.0" encoding="UTF-8"?>
<!-- Generated by org.testng.reporters.JUnitReportReporter -->
<testsuite hostname="DESKTOP-P9I11B1" failures="0" tests="2" name="testCases.DataTest" time="0.021" errors="0" timestamp="28 Mar 2021 06:51:30 GMT">
  <testcase classname="testCases.DataTest" name="getData" time="0.013"/>
  <testcase classname="testCases.DataTest" name="getData" time="0.008"/>
</testsuite> <!-- testCases.DataTest -->
