<?xml version="1.0" encoding="UTF-8"?>
<!-- Generated by org.testng.reporters.JUnitReportReporter -->
<testsuite hostname="DESKTOP-P9I11B1" failures="0" tests="1" name="testCases.UpdateEmployee" time="0.011" errors="0" timestamp="21 Mar 2021 07:11:37 GMT">
  <testcase classname="testCases.UpdateEmployee" name="checkResponse" time="0.011"/>
</testsuite> <!-- testCases.UpdateEmployee -->
